GET / - - - - ms 05/Nov/2018:22:01:05 +0000 1.1
GET / - - - - ms 05/Nov/2018:22:01:06 +0000 1.1
GET / - - - - ms 05/Nov/2018:22:01:35 +0000 1.1
GET / - - - - ms 05/Nov/2018:22:01:46 +0000 1.1
GET / - - - - ms 05/Nov/2018:22:03:59 +0000 1.1
GET / - - - - ms 05/Nov/2018:22:05:59 +0000 1.1
GET /genesis/inline.bundle.js 404 163 - 13.733 ms 05/Nov/2018:22:28:12 +0000 1.1
GET /genesis/polyfills.bundle.js 404 166 - 49.843 ms 05/Nov/2018:22:28:12 +0000 1.1
GET /genesis/styles.bundle.js 404 163 - 49.648 ms 05/Nov/2018:22:28:12 +0000 1.1
GET /genesis/vendor.bundle.js 404 163 - 4.252 ms 05/Nov/2018:22:28:12 +0000 1.1
GET /genesis/main.bundle.js 404 161 - 11.236 ms 05/Nov/2018:22:28:12 +0000 1.1
GET /genesis/inline.bundle.js 404 163 - 0.708 ms 05/Nov/2018:22:28:13 +0000 1.1
GET /genesis/polyfills.bundle.js 404 166 - 0.533 ms 05/Nov/2018:22:28:13 +0000 1.1
GET /genesis/styles.bundle.js 404 163 - 0.710 ms 05/Nov/2018:22:28:13 +0000 1.1
GET /genesis/vendor.bundle.js 404 163 - 1.488 ms 05/Nov/2018:22:28:13 +0000 1.1
GET /genesis/main.bundle.js 404 161 - 0.559 ms 05/Nov/2018:22:28:13 +0000 1.1
GET /genesis/favicon.ico 404 158 - 0.661 ms 05/Nov/2018:22:28:13 +0000 1.1
GET /socket.io/?EIO=3&transport=polling&t=MS2ZXc5 404 149 - 7.750 ms 11/Nov/2018:11:35:26 +0000 1.1
GET /socket.io/?EIO=3&transport=polling&t=MS2ZYqF 404 149 - 1.220 ms 11/Nov/2018:11:35:31 +0000 1.1
GET /socket.io/?EIO=3&transport=polling&t=MS2ZaH_ 404 149 - 1.129 ms 11/Nov/2018:11:35:37 +0000 1.1
GET /socket.io/?EIO=3&transport=polling&t=MS2ZbWV 404 149 - 1.930 ms 11/Nov/2018:11:35:42 +0000 1.1
GET /socket.io/?EIO=3&transport=polling&t=MS2ZclL 404 149 - 1.350 ms 11/Nov/2018:11:35:47 +0000 1.1
GET /socket.io/?EIO=3&transport=polling&t=MS2ZeSr 404 149 - 0.879 ms 11/Nov/2018:11:35:54 +0000 1.1
GET /socket.io/?EIO=3&transport=polling&t=MS2Zez0 404 149 - 0.847 ms 11/Nov/2018:11:35:56 +0000 1.1
GET /socket.io/?EIO=3&transport=polling&t=MS2ZfPB 404 149 - 0.596 ms 11/Nov/2018:11:35:58 +0000 1.1
GET /socket.io/?EIO=3&transport=polling&t=MS2Zf_o 404 149 - 0.619 ms 11/Nov/2018:11:36:00 +0000 1.1
GET /socket.io/?EIO=3&transport=polling&t=MS2ZhEB 404 149 - 0.627 ms 11/Nov/2018:11:36:05 +0000 1.1
GET /socket.io/?EIO=3&transport=polling&t=MS2ZiSb 404 149 - 0.686 ms 11/Nov/2018:11:36:10 +0000 1.1
GET /socket.io/?EIO=3&transport=polling&t=MS2Zjh0 404 149 - 0.791 ms 11/Nov/2018:11:36:15 +0000 1.1
GET /socket.io/?EIO=3&transport=polling&t=MS3OXST 404 149 - 16.028 ms 11/Nov/2018:15:27:00 +0000 1.1
GET /socket.io/?EIO=3&transport=polling&t=MS3OXSU 404 149 - 1.710 ms 11/Nov/2018:15:27:00 +0000 1.1
GET /socket.io/?EIO=3&transport=polling&t=MS3OYQk 404 149 - 1.329 ms 11/Nov/2018:15:27:03 +0000 1.1
GET /socket.io/?EIO=3&transport=polling&t=MS3OYgK 404 149 - 0.655 ms 11/Nov/2018:15:27:04 +0000 1.1
GET /socket.io/?EIO=3&transport=polling&t=MS3OZuT 404 149 - 3.325 ms 11/Nov/2018:15:27:09 +0000 1.1
GET /socket.io/?EIO=3&transport=polling&t=MS3OZuS 404 149 - 2.159 ms 11/Nov/2018:15:27:09 +0000 1.1
GET /socket.io/?EIO=3&transport=polling&t=MS3Obbr 404 149 - 1.205 ms 11/Nov/2018:15:27:16 +0000 1.1
GET /socket.io/?EIO=3&transport=polling&t=MS3Obbq 404 149 - 1.223 ms 11/Nov/2018:15:27:16 +0000 1.1
GET /socket.io/?EIO=3&transport=polling&t=MS3OdJD 404 149 - 1.381 ms 11/Nov/2018:15:27:23 +0000 1.1
GET /socket.io/?EIO=3&transport=polling&t=MS3OdJK 404 149 - 0.875 ms 11/Nov/2018:15:27:23 +0000 1.1
GET /socket.io/?EIO=3&transport=polling&t=MS3Of0a 404 149 - 0.978 ms 11/Nov/2018:15:27:30 +0000 1.1
GET /socket.io/?EIO=3&transport=polling&t=MS3Of0b 404 149 - 0.681 ms 11/Nov/2018:15:27:30 +0000 1.1
GET /socket.io/?EIO=3&transport=polling&t=MS3OgHr 404 149 - 1.115 ms 11/Nov/2018:15:27:35 +0000 1.1
GET /socket.io/?EIO=3&transport=polling&t=MS3Ogj- 404 149 - 0.685 ms 11/Nov/2018:15:27:37 +0000 1.1
GET /socket.io/?EIO=3&transport=polling&t=MS3OhWV 404 149 - 0.633 ms 11/Nov/2018:15:27:40 +0000 1.1
GET /socket.io/?EIO=3&transport=polling&t=MS3OiBk 404 149 - 0.699 ms 11/Nov/2018:15:27:43 +0000 1.1
GET /socket.io/?EIO=3&transport=polling&t=MS3Oiky 404 149 - 0.641 ms 11/Nov/2018:15:27:45 +0000 1.1
GET /socket.io/?EIO=3&transport=polling&t=MS3OjfY 404 149 - 0.861 ms 11/Nov/2018:15:27:49 +0000 1.1
GET /socket.io/?EIO=3&transport=polling&t=MS3OjzK 404 149 - 0.737 ms 11/Nov/2018:15:27:50 +0000 1.1
GET /socket.io/?EIO=3&transport=polling&t=MS3OlBg 404 149 - 1.436 ms 11/Nov/2018:15:27:55 +0000 1.1
GET /socket.io/?EIO=3&transport=polling&t=MS3OlMr 404 149 - 0.755 ms 11/Nov/2018:15:27:56 +0000 1.1
GET /socket.io/?EIO=3&transport=polling&t=MS3OmUm 404 149 - 1.009 ms 11/Nov/2018:15:28:00 +0000 1.1
GET /socket.io/?EIO=3&transport=polling&t=MS3On4E 404 149 - 0.740 ms 11/Nov/2018:15:28:03 +0000 1.1
GET /socket.io/?EIO=3&transport=polling&t=MS3OnjL 404 149 - 0.859 ms 11/Nov/2018:15:28:05 +0000 1.1
GET /socket.io/?EIO=3&transport=polling&t=MS3Oonc 404 149 - 0.709 ms 11/Nov/2018:15:28:10 +0000 1.1
GET /socket.io/?EIO=3&transport=polling&t=MS3Ooxw 404 149 - 1.289 ms 11/Nov/2018:15:28:11 +0000 1.1
GET /socket.io/?reverse_bot=undefined&EIO=3&transport=polling&t=MS3nbCq 404 149 - 6.894 ms 11/Nov/2018:17:16:28 +0000 1.1
GET /socket.io/?reverse_bot=undefined&EIO=3&transport=polling&t=MS3nbKE 404 149 - 1.928 ms 11/Nov/2018:17:16:28 +0000 1.1
GET /socket.io/?reverse_bot=undefined&EIO=3&transport=polling&t=MS3ncQ- 404 149 - 0.862 ms 11/Nov/2018:17:16:33 +0000 1.1
GET /socket.io/?reverse_bot=undefined&EIO=3&transport=polling&t=MS3ncZZ 404 149 - 0.796 ms 11/Nov/2018:17:16:33 +0000 1.1
GET /socket.io/?reverse_bot=undefined&EIO=3&transport=polling&t=MS3ndn_ 404 149 - 1.537 ms 11/Nov/2018:17:16:39 +0000 1.1
GET /socket.io/?reverse_bot=undefined&EIO=3&transport=polling&t=MS3nduj 404 149 - 1.185 ms 11/Nov/2018:17:16:39 +0000 1.1
GET /socket.io/?reverse_bot=undefined&EIO=3&transport=polling&t=MS3nf5B 404 149 - 0.938 ms 11/Nov/2018:17:16:44 +0000 1.1
GET /socket.io/?reverse_bot=undefined&EIO=3&transport=polling&t=MS3nfc5 404 149 - 0.744 ms 11/Nov/2018:17:16:46 +0000 1.1
GET /socket.io/?reverse_bot=undefined&EIO=3&transport=polling&t=MS3ngJc 404 149 - 0.932 ms 11/Nov/2018:17:16:49 +0000 1.1
GET /socket.io/?reverse_bot=undefined&EIO=3&transport=polling&t=MS3nh41 404 149 - 0.850 ms 11/Nov/2018:17:16:52 +0000 1.1
GET /socket.io/?reverse_bot=undefined&EIO=3&transport=polling&t=MS3nhY5 404 149 - 0.720 ms 11/Nov/2018:17:16:54 +0000 1.1
GET /socket.io/?reverse_bot=undefined&EIO=3&transport=polling&t=MS3ninE 404 149 - 0.880 ms 11/Nov/2018:17:16:59 +0000 1.1
GET /socket.io/?reverse_bot=undefined&EIO=3&transport=polling&t=MS3njKs 404 149 - 0.918 ms 11/Nov/2018:17:17:01 +0000 1.1
GET /socket.io/?reverse_bot=undefined&EIO=3&transport=polling&t=MS3njpr 404 149 - 0.844 ms 11/Nov/2018:17:17:03 +0000 1.1
GET /socket.io/?reverse_bot=undefined&EIO=3&transport=polling&t=MS3nkUO 404 149 - 0.842 ms 11/Nov/2018:17:17:06 +0000 1.1
GET /socket.io/?reverse_bot=undefined&EIO=3&transport=polling&t=MS3nliq 404 149 - 0.701 ms 11/Nov/2018:17:17:11 +0000 1.1
GET /socket.io/?reverse_bot=undefined&EIO=3&transport=polling&t=MS3nm_- 404 149 - 0.907 ms 11/Nov/2018:17:17:16 +0000 1.1
GET /socket.io/?reverse_bot=undefined&EIO=3&transport=polling&t=MS3noEQ 404 149 - 0.888 ms 11/Nov/2018:17:17:22 +0000 1.1
GET /socket.io/?reverse_bot=undefined&EIO=3&transport=polling&t=MS3npXc 404 149 - 0.697 ms 11/Nov/2018:17:17:27 +0000 1.1
GET /socket.io/?reverse_bot=undefined&EIO=3&transport=polling&t=MS3nqm3 404 149 - 0.677 ms 11/Nov/2018:17:17:32 +0000 1.1
GET /socket.io/?reverse_bot=undefined&EIO=3&transport=polling&t=MS3ns3D 404 149 - 0.768 ms 11/Nov/2018:17:17:37 +0000 1.1
GET /socket.io/?reverse_bot=undefined&EIO=3&transport=polling&t=MS3ntHe 404 149 - 0.764 ms 11/Nov/2018:17:17:42 +0000 1.1
GET /socket.io/?reverse_bot=undefined&EIO=3&transport=polling&t=MS3nuao 404 149 - 0.727 ms 11/Nov/2018:17:17:47 +0000 1.1
GET /socket.io/?reverse_bot=undefined&EIO=3&transport=polling&t=MS3nvpJ 404 149 - 0.688 ms 11/Nov/2018:17:17:53 +0000 1.1
GET /socket.io/?reverse_bot=undefined&EIO=3&transport=polling&t=MS3nx6b 404 149 - 0.834 ms 11/Nov/2018:17:17:58 +0000 1.1
GET /socket.io/?reverse_bot=undefined&EIO=3&transport=polling&t=MS3nyLP 404 149 - 0.878 ms 11/Nov/2018:17:18:03 +0000 1.1
GET /socket.io/?reverse_bot=undefined&EIO=3&transport=polling&t=MS3nzeZ 404 149 - 0.708 ms 11/Nov/2018:17:18:08 +0000 1.1
GET /socket.io/?reverse_bot=undefined&EIO=3&transport=polling&t=MS3n-t3 404 149 - 0.663 ms 11/Nov/2018:17:18:13 +0000 1.1
GET /socket.io/?reverse_bot=undefined&EIO=3&transport=polling&t=MS3oFcN 404 149 - 8.675 ms 11/Nov/2018:17:19:24 +0000 1.1
GET /socket.io/?reverse_bot=undefined&EIO=3&transport=polling&t=MS3oGUW 404 149 - 1.248 ms 11/Nov/2018:17:19:25 +0000 1.1
GET /socket.io/?reverse_bot=undefined&EIO=3&transport=polling&t=MS3oH1n 404 149 - 0.906 ms 11/Nov/2018:17:19:27 +0000 1.1
GET /socket.io/?reverse_bot=undefined&EIO=3&transport=polling&t=MS3oJ3n 404 149 - 1.830 ms 11/Nov/2018:17:19:36 +0000 1.1
GET /socket.io/?reverse_bot=undefined&EIO=3&transport=polling&t=MS3oJOe 404 149 - 1.927 ms 11/Nov/2018:17:19:37 +0000 1.1
GET /socket.io/?reverse_bot=undefined&EIO=3&transport=polling&t=MS3oJr1 404 149 - 1.291 ms 11/Nov/2018:17:19:39 +0000 1.1
GET /socket.io/?reverse_bot=undefined&EIO=3&transport=polling&t=MS3oKao 404 149 - 1.056 ms 11/Nov/2018:17:19:42 +0000 1.1
GET /socket.io/?reverse_bot=undefined&EIO=3&transport=polling&t=MS3oLpO 404 149 - 0.947 ms 11/Nov/2018:17:19:47 +0000 1.1
GET /socket.io/?reverse_bot=undefined&EIO=3&transport=polling&t=MS3oN6Y 404 149 - 0.881 ms 11/Nov/2018:17:19:52 +0000 1.1
GET /socket.io/?reverse_bot=undefined&EIO=3&transport=polling&t=MS3oOK- 404 149 - 0.703 ms 11/Nov/2018:17:19:58 +0000 1.1
GET /socket.io/?reverse_bot=undefined&EIO=3&transport=polling&t=MS3oPe9 404 149 - 0.770 ms 11/Nov/2018:17:20:03 +0000 1.1
GET /socket.io/?reverse_bot=undefined&EIO=3&transport=polling&t=MS3oQsb 404 149 - 0.999 ms 11/Nov/2018:17:20:08 +0000 1.1
GET /socket.io/?reverse_bot=undefined&EIO=3&transport=polling&t=MS3z9hW 404 149 - 9.077 ms 11/Nov/2018:18:07:03 +0000 1.1
GET /socket.io/?reverse_bot=undefined&EIO=3&transport=polling&t=MS3zAfz 404 149 - 1.678 ms 11/Nov/2018:18:07:05 +0000 1.1
GET /socket.io/?reverse_bot=undefined&EIO=3&transport=polling&t=MS3zBu5 404 149 - 0.840 ms 11/Nov/2018:18:07:10 +0000 1.1
GET /socket.io/?reverse_bot=undefined&EIO=3&transport=polling&t=MS3zDrH 404 149 - 2.179 ms 11/Nov/2018:18:07:18 +0000 1.1
GET /socket.io/?reverse_bot=undefined&EIO=3&transport=polling&t=MS3zEJ- 404 149 - 2.192 ms 11/Nov/2018:18:07:20 +0000 1.1
GET /socket.io/?reverse_bot=undefined&EIO=3&transport=polling&t=MS3zEd0 404 149 - 1.452 ms 11/Nov/2018:18:07:21 +0000 1.1
GET /socket.io/?reverse_bot=undefined&EIO=3&transport=polling&t=MS3zFrU 404 149 - 0.690 ms 11/Nov/2018:18:07:26 +0000 1.1
GET /socket.io/?reverse_bot=undefined&EIO=3&transport=polling&t=MS3zH3w 404 149 - 0.686 ms 11/Nov/2018:18:07:31 +0000 1.1
GET /socket.io/?reverse_bot=undefined&EIO=3&transport=polling&t=MS3zIN5 404 149 - 1.089 ms 11/Nov/2018:18:07:36 +0000 1.1
GET /socket.io/?reverse_bot=undefined&EIO=3&transport=polling&t=MS3zJc7 404 149 - 0.712 ms 11/Nov/2018:18:07:42 +0000 1.1
